<?xml version="1.0" encoding="UTF-8"?>
<!-- Generated by org.testng.reporters.JUnitReportReporter -->
<testsuite hostname="DESKTOP-7FIVKHO" failures="0" tests="1" name="testNGApplyInProjectScript.addProductAndSupplierAndAddUserInAccount" time="33.500" errors="0" timestamp="2024-04-17T15:58:36 IST" skipped="0">
  <testcase classname="testNGApplyInProjectScript.addProductAndSupplierAndAddUserInAccount" name="cProduct" time="33.500"/>
  <system-out>
    <![CDATA[Execution start from here
cProduct-------> executed successfully]]>
  </system-out>
</testsuite> <!-- testNGApplyInProjectScript.addProductAndSupplierAndAddUserInAccount -->
