<?xml version="1.0" encoding="UTF-8"?>
<!-- Generated by org.testng.reporters.JUnitReportReporter -->
<testsuite hostname="DESKTOP-7FIVKHO" failures="0" tests="2" name="TestNGPractice.AnnotationPractice" time="0.045" errors="0" timestamp="2024-04-16T16:56:51 IST" skipped="0">
  <testcase classname="TestNGPractice.AnnotationPractice" name="MainScript1" time="0.032"/>
  <system-out/>
  <testcase classname="TestNGPractice.AnnotationPractice" name="mainScript" time="0.013"/>
  <system-out/>
</testsuite> <!-- TestNGPractice.AnnotationPractice -->
