<?xml version="1.0" encoding="UTF-8"?>
<!-- Generated by org.testng.reporters.JUnitReportReporter -->
<testsuite hostname="DESKTOP-7FIVKHO" failures="0" tests="2" name="TestNGPractice.loginApp" time="6.671" errors="0" timestamp="2024-04-08T14:37:20 IST" skipped="0">
  <testcase classname="TestNGPractice.loginApp" name="login" time="2.387"/>
  <system-out/>
  <testcase classname="TestNGPractice.loginApp" name="login" time="4.284"/>
  <system-out/>
</testsuite> <!-- TestNGPractice.loginApp -->
