<?xml version="1.0" encoding="UTF-8"?>
<!-- Generated by org.testng.reporters.JUnitReportReporter -->
<testsuite hostname="DESKTOP-7FIVKHO" failures="0" tests="6" name="TestNGPractice.loginDataProvider" time="16.713" errors="0" timestamp="2024-04-08T14:29:41 IST" skipped="0">
  <testcase classname="TestNGPractice.loginDataProvider" name="login" time="3.958"/>
  <system-out/>
  <testcase classname="TestNGPractice.loginDataProvider" name="login" time="2.772"/>
  <system-out/>
  <testcase classname="TestNGPractice.loginDataProvider" name="login" time="2.350"/>
  <system-out/>
  <testcase classname="TestNGPractice.loginDataProvider" name="login" time="2.558"/>
  <system-out/>
  <testcase classname="TestNGPractice.loginDataProvider" name="login" time="2.626"/>
  <system-out/>
  <testcase classname="TestNGPractice.loginDataProvider" name="login" time="2.449"/>
  <system-out/>
</testsuite> <!-- TestNGPractice.loginDataProvider -->
