<?xml version="1.0" encoding="UTF-8"?>
<!-- Generated by org.testng.reporters.JUnitReportReporter -->
<testsuite hostname="DESKTOP-7FIVKHO" failures="0" tests="3" name="TestNGPractice.assignment" time="0.029" errors="0" timestamp="2024-04-08T21:46:39 IST" skipped="0">
  <testcase classname="TestNGPractice.assignment" name="StudentData" time="0.009"/>
  <system-out/>
  <testcase classname="TestNGPractice.assignment" name="StudentData" time="0.017"/>
  <system-out/>
  <testcase classname="TestNGPractice.assignment" name="StudentData" time="0.003"/>
  <system-out/>
</testsuite> <!-- TestNGPractice.assignment -->
