<?xml version="1.0" encoding="UTF-8"?>
<!-- Generated by org.testng.reporters.JUnitReportReporter -->
<testsuite hostname="DESKTOP-7FIVKHO" failures="0" tests="1" name="utilityClassPractice.newGenerate_Invoice_SystemTest" time="30.210" errors="0" timestamp="2024-04-10T14:59:34 IST" skipped="0">
  <testcase classname="utilityClassPractice.newGenerate_Invoice_SystemTest" name="invoice" time="30.210"/>
  <system-out/>
</testsuite> <!-- utilityClassPractice.newGenerate_Invoice_SystemTest -->
