<?xml version="1.0" encoding="UTF-8"?>
<!-- Generated by org.testng.reporters.JUnitReportReporter -->
<testsuite hostname="DESKTOP-7FIVKHO" failures="0" tests="6" name="TestNGPractice.readDataFromExcelDataProvider" time="0.022" errors="0" timestamp="2024-04-15T16:09:08 IST" skipped="0">
  <testcase classname="TestNGPractice.readDataFromExcelDataProvider" name="readdata" time="0.002"/>
  <system-out/>
  <testcase classname="TestNGPractice.readDataFromExcelDataProvider" name="readdata" time="0.002"/>
  <system-out/>
  <testcase classname="TestNGPractice.readDataFromExcelDataProvider" name="readdata" time="0.004"/>
  <system-out/>
  <testcase classname="TestNGPractice.readDataFromExcelDataProvider" name="readdata" time="0.010"/>
  <system-out/>
  <testcase classname="TestNGPractice.readDataFromExcelDataProvider" name="readdata" time="0.002"/>
  <system-out/>
  <testcase classname="TestNGPractice.readDataFromExcelDataProvider" name="readdata" time="0.002"/>
  <system-out/>
</testsuite> <!-- TestNGPractice.readDataFromExcelDataProvider -->
