<?xml version="1.0" encoding="UTF-8"?>
<!-- Generated by org.testng.reporters.JUnitReportReporter -->
<testsuite hostname="DESKTOP-7FIVKHO" failures="0" tests="1" name="utilityClassPractice.newadd_User_InAccounts_SystemTest" time="22.084" errors="0" timestamp="2024-04-10T14:44:49 IST" skipped="0">
  <testcase classname="utilityClassPractice.newadd_User_InAccounts_SystemTest" name="addUser" time="22.084"/>
  <system-out/>
</testsuite> <!-- utilityClassPractice.newadd_User_InAccounts_SystemTest -->
