<?xml version="1.0" encoding="UTF-8"?>
<!-- Generated by org.testng.reporters.JUnitReportReporter -->
<testsuite hostname="DESKTOP-7FIVKHO" failures="0" tests="3" name="TestNGPractice.dataProviderStud" time="0.027" errors="0" timestamp="2024-04-08T14:24:53 IST" skipped="0">
  <testcase classname="TestNGPractice.dataProviderStud" name="getdata" time="0.005"/>
  <system-out/>
  <testcase classname="TestNGPractice.dataProviderStud" name="getdata" time="0.018"/>
  <system-out/>
  <testcase classname="TestNGPractice.dataProviderStud" name="getdata" time="0.004"/>
  <system-out/>
</testsuite> <!-- TestNGPractice.dataProviderStud -->
