<?xml version="1.0" encoding="UTF-8"?>
<!-- Generated by org.testng.reporters.JUnitReportReporter -->
<testsuite hostname="DESKTOP-7FIVKHO" failures="0" tests="1" name="testNGAssertions.softAssertionTest" time="0.041" errors="0" timestamp="2024-04-12T12:39:22 IST" skipped="0">
  <testcase classname="testNGAssertions.softAssertionTest" name="stringValueCompair" time="0.041"/>
  <system-out/>
</testsuite> <!-- testNGAssertions.softAssertionTest -->
