<?xml version="1.0" encoding="UTF-8"?>
<!-- Generated by org.testng.reporters.JUnitReportReporter -->
<testsuite hostname="DESKTOP-7FIVKHO" failures="0" tests="1" name="testNGApplyInProjectScript.invoiceEditProduct" time="46.944" errors="0" timestamp="2024-04-17T17:20:52 IST" skipped="0">
  <testcase classname="testNGApplyInProjectScript.invoiceEditProduct" name="invoice" time="46.944"/>
  <system-out/>
</testsuite> <!-- testNGApplyInProjectScript.invoiceEditProduct -->
